X|O|X
-----
X|O|O
-----
X| | 
X wins!

 | | 
-----
 |X| 
-----
 | | 
Incomplete

X|O|X
-----
O|O|X
-----
X|X|O
Tie Game!

O|X| 
-----
O|X| 
-----
 |X| 
X wins!

 |O|X
-----
 |O|X
-----
 | |X
X wins!

X|X|X
-----
O|O| 
-----
 | | 
X wins!

O|O| 
-----
X|X|X
-----
 | | 
X wins!

 | | 
-----
O|O| 
-----
X|X|X
X wins!

X|O| 
-----
 |X|O
-----
 | |X
X wins!

 |O|X
-----
O|X| 
-----
X| | 
X wins!

O|X|X
-----
O|X| 
-----
O| | 
O wins!

X|O|X
-----
X|O| 
-----
 |O| 
O wins!

X|X|O
-----
 |X|O
-----
 | |O
O wins!

O|O|O
-----
X|X| 
-----
X| | 
O wins!

X|X| 
-----
O|O|O
-----
X| | 
O wins!

X|X| 
-----
X| | 
-----
O|O|O
O wins!

O| | 
-----
X|O| 
-----
X|X|O
O wins!

 | |O
-----
 |O|X
-----
O|X|X
O wins!

